[    0.000000] Linux version 4.15.0-143-generic (buildd@lcy01-amd64-001) (gcc version 7.5.0 (Ubuntu 7.5.0-3ubuntu1~18.04)) #147-Ubuntu SMP Wed Apr 14 16:10:11 UTC 2021 (Ubuntu 4.15.0-143.147-generic 4.15.18)
[    0.000000] Command line: BOOT_IMAGE=/boot/vmlinuz-4.15.0-143-generic root=LABEL=cloudimg-rootfs ro console=tty1 console=ttyS0
[    0.000000] KERNEL supported cpus:
[    0.000000]   Intel GenuineIntel
[    0.000000]   AMD AuthenticAMD
[    0.000000]   Centaur CentaurHauls
[    0.000000] x86/fpu: Supporting XSAVE feature 0x001: 'x87 floating point registers'
[    0.000000] x86/fpu: Supporting XSAVE feature 0x002: 'SSE registers'
[    0.000000] x86/fpu: Supporting XSAVE feature 0x004: 'AVX registers'
[    0.000000] x86/fpu: xstate_offset[2]:  576, xstate_sizes[2]:  256
[    0.000000] x86/fpu: Enabled xstate features 0x7, context size is 832 bytes, using 'standard' format.
[    0.000000] e820: BIOS-provided physical RAM map:
[    0.000000] BIOS-e820: [mem 0x0000000000000000-0x000000000009fbff] usable
[    0.000000] BIOS-e820: [mem 0x000000000009fc00-0x000000000009ffff] reserved
[    0.000000] BIOS-e820: [mem 0x00000000000f0000-0x00000000000fffff] reserved
[    0.000000] BIOS-e820: [mem 0x0000000000100000-0x000000003ffeffff] usable
[    0.000000] BIOS-e820: [mem 0x000000003fff0000-0x000000003fffffff] ACPI data
[    0.000000] BIOS-e820: [mem 0x00000000fec00000-0x00000000fec00fff] reserved
[    0.000000] BIOS-e820: [mem 0x00000000fee00000-0x00000000fee00fff] reserved
[    0.000000] BIOS-e820: [mem 0x00000000fffc0000-0x00000000ffffffff] reserved
[    0.000000] NX (Execute Disable) protection: active
[    0.000000] SMBIOS 2.5 present.
[    0.000000] DMI: innotek GmbH VirtualBox/VirtualBox, BIOS VirtualBox 12/01/2006
[    0.000000] Hypervisor detected: KVM
[    0.000000] e820: last_pfn = 0x3fff0 max_arch_pfn = 0x400000000
[    0.000000] MTRR: Disabled
[    0.000000] x86/PAT: MTRRs disabled, skipping PAT initialization too.
[    0.000000] CPU MTRRs all blank - virtualized system.
[    0.000000] x86/PAT: Configuration [0-7]: WB  WT  UC- UC  WB  WT  UC- UC  
[    0.000000] found SMP MP-table at [mem 0x0009fff0-0x0009ffff]
[    0.000000] Scanning 1 areas for low memory corruption
[    0.000000] RAMDISK: [mem 0x359d3000-0x36ce0fff]
[    0.000000] ACPI: Early table checksum verification disabled
[    0.000000] ACPI: RSDP 0x00000000000E0000 000024 (v02 VBOX  )
[    0.000000] ACPI: XSDT 0x000000003FFF0030 00003C (v01 VBOX   VBOXXSDT 00000001 ASL  00000061)
[    0.000000] ACPI: FACP 0x000000003FFF00F0 0000F4 (v04 VBOX   VBOXFACP 00000001 ASL  00000061)
[    0.000000] ACPI: DSDT 0x000000003FFF0470 0021FF (v02 VBOX   VBOXBIOS 00000002 INTL 20180105)
[    0.000000] ACPI: FACS 0x000000003FFF0200 000040
[    0.000000] ACPI: FACS 0x000000003FFF0200 000040
[    0.000000] ACPI: APIC 0x000000003FFF0240 00005C (v02 VBOX   VBOXAPIC 00000001 ASL  00000061)
[    0.000000] ACPI: SSDT 0x000000003FFF02A0 0001CC (v01 VBOX   VBOXCPUT 00000002 INTL 20180105)
[    0.000000] No NUMA configuration found
[    0.000000] Faking a node at [mem 0x0000000000000000-0x000000003ffeffff]
[    0.000000] NODE_DATA(0) allocated [mem 0x3ffc5000-0x3ffeffff]
[    0.000000] kvm-clock: cpu 0, msr 0:3ff44001, primary cpu clock
[    0.000000] kvm-clock: Using msrs 4b564d01 and 4b564d00
[    0.000000] kvm-clock: using sched offset of 3860150600 cycles
[    0.000000] clocksource: kvm-clock: mask: 0xffffffffffffffff max_cycles: 0x1cd42e4dffb, max_idle_ns: 881590591483 ns
[    0.000000] Zone ranges:
[    0.000000]   DMA      [mem 0x0000000000001000-0x0000000000ffffff]
[    0.000000]   DMA32    [mem 0x0000000001000000-0x000000003ffeffff]
[    0.000000]   Normal   empty
[    0.000000]   Device   empty
[    0.000000] Movable zone start for each node
[    0.000000] Early memory node ranges
[    0.000000]   node   0: [mem 0x0000000000001000-0x000000000009efff]
[    0.000000]   node   0: [mem 0x0000000000100000-0x000000003ffeffff]
[    0.000000] Reserved but unavailable: 98 pages
[    0.000000] Initmem setup node 0 [mem 0x0000000000001000-0x000000003ffeffff]
[    0.000000] ACPI: PM-Timer IO Port: 0x4008
[    0.000000] IOAPIC[0]: apic_id 2, version 32, address 0xfec00000, GSI 0-23
[    0.000000] ACPI: INT_SRC_OVR (bus 0 bus_irq 0 global_irq 2 dfl dfl)
[    0.000000] ACPI: INT_SRC_OVR (bus 0 bus_irq 9 global_irq 9 low level)
[    0.000000] Using ACPI (MADT) for SMP configuration information
[    0.000000] smpboot: Allowing 2 CPUs, 0 hotplug CPUs
[    0.000000] PM: Registered nosave memory: [mem 0x00000000-0x00000fff]
[    0.000000] PM: Registered nosave memory: [mem 0x0009f000-0x0009ffff]
[    0.000000] PM: Registered nosave memory: [mem 0x000a0000-0x000effff]
[    0.000000] PM: Registered nosave memory: [mem 0x000f0000-0x000fffff]
[    0.000000] e820: [mem 0x40000000-0xfebfffff] available for PCI devices
[    0.000000] Booting paravirtualized kernel on KVM
[    0.000000] clocksource: refined-jiffies: mask: 0xffffffff max_cycles: 0xffffffff, max_idle_ns: 7645519600211568 ns
[    0.000000] random: get_random_bytes called from start_kernel+0x99/0x500 with crng_init=0
[    0.000000] setup_percpu: NR_CPUS:8192 nr_cpumask_bits:2 nr_cpu_ids:2 nr_node_ids:1
[    0.000000] percpu: Embedded 45 pages/cpu s147456 r8192 d28672 u1048576
[    0.000000] PV qspinlock hash table entries: 256 (order: 0, 4096 bytes)
[    0.000000] Built 1 zonelists, mobility grouping on.  Total pages: 257913
[    0.000000] Policy zone: DMA32
[    0.000000] Kernel command line: BOOT_IMAGE=/boot/vmlinuz-4.15.0-143-generic root=LABEL=cloudimg-rootfs ro console=tty1 console=ttyS0
[    0.000000] Memory: 982728K/1048120K available (12300K kernel code, 2483K rwdata, 4316K rodata, 2444K init, 2724K bss, 65392K reserved, 0K cma-reserved)
[    0.000000] SLUB: HWalign=64, Order=0-3, MinObjects=0, CPUs=2, Nodes=1
[    0.000000] Kernel/User page tables isolation: enabled
[    0.000000] ftrace: allocating 39437 entries in 155 pages
[    0.004000] Hierarchical RCU implementation.
[    0.004000] 	RCU restricting CPUs from NR_CPUS=8192 to nr_cpu_ids=2.
[    0.004000] 	Tasks RCU enabled.
[    0.004000] RCU: Adjusting geometry for rcu_fanout_leaf=16, nr_cpu_ids=2
[    0.004000] NR_IRQS: 524544, nr_irqs: 440, preallocated irqs: 16
[    0.004000] Console: colour VGA+ 80x25
[    0.004000] console [tty1] enabled
[    0.004000] console [ttyS0] enabled
[    0.004000] ACPI: Core revision 20170831
[    0.004000] ACPI: 2 ACPI AML tables successfully acquired and loaded
[    0.004000] APIC: Switch to symmetric I/O mode setup
[    0.004000] x2apic enabled
[    0.004000] Switched APIC routing to physical x2apic.
[    0.004000] ..TIMER: vector=0x30 apic1=0 pin1=2 apic2=-1 pin2=-1
[    0.004004] tsc: Detected 1497.600 MHz processor
[    0.004717] Calibrating delay loop (skipped) preset value.. 2995.20 BogoMIPS (lpj=5990400)
[    0.005224] pid_max: default: 32768 minimum: 301
[    0.005921] Security Framework initialized
[    0.006548] Yama: becoming mindful.
[    0.007093] AppArmor: AppArmor initialized
[    0.008675] Dentry cache hash table entries: 131072 (order: 8, 1048576 bytes)
[    0.009755] Inode-cache hash table entries: 65536 (order: 7, 524288 bytes)
[    0.010754] Mount-cache hash table entries: 2048 (order: 2, 16384 bytes)
[    0.012012] Mountpoint-cache hash table entries: 2048 (order: 2, 16384 bytes)
[    0.013143] Last level iTLB entries: 4KB 0, 2MB 0, 4MB 0
[    0.013866] Last level dTLB entries: 4KB 0, 2MB 0, 4MB 0, 1GB 0
[    0.016004] Spectre V1 : Mitigation: usercopy/swapgs barriers and __user pointer sanitization
[    0.017074] Spectre V2 : Mitigation: Full generic retpoline
[    0.017814] Spectre V2 : Spectre v2 / SpectreRSB mitigation: Filling RSB on context switch
[    0.019005] Speculative Store Bypass: Vulnerable
[    0.020046] MDS: Mitigation: Clear CPU buffers
[    0.020876] Freeing SMP alternatives memory: 36K
[    0.131785] smpboot: CPU0: Intel(R) Core(TM) i5-1035G4 CPU @ 1.10GHz (family: 0x6, model: 0x7e, stepping: 0x5)
[    0.132000] Performance Events: unsupported p6 CPU model 126 no PMU driver, software events only.
[    0.132048] Hierarchical SRCU implementation.
[    0.136625] NMI watchdog: Perf event create on CPU 0 failed with -2
[    0.140002] NMI watchdog: Perf NMI watchdog permanently disabled
[    0.141100] smp: Bringing up secondary CPUs ...
[    0.141837] x86: Booting SMP configuration:
[    0.142456] .... node  #0, CPUs:      #1
[    0.004000] kvm-clock: cpu 1, msr 0:3ff44041, secondary cpu clock
[    0.146498] smp: Brought up 1 node, 2 CPUs
[    0.146498] smpboot: Max logical packages: 1
[    0.146498] smpboot: Total of 2 processors activated (5990.40 BogoMIPS)
[    0.148119] devtmpfs: initialized
[    0.148577] x86/mm: Memory block size: 128MB
[    0.149322] evm: security.selinux
[    0.149843] evm: security.SMACK64
[    0.150347] evm: security.SMACK64EXEC
[    0.150893] evm: security.SMACK64TRANSMUTE
[    0.152002] evm: security.SMACK64MMAP
[    0.152560] evm: security.apparmor
[    0.153076] evm: security.ima
[    0.153535] evm: security.capability
[    0.154121] clocksource: jiffies: mask: 0xffffffff max_cycles: 0xffffffff, max_idle_ns: 7645041785100000 ns
[    0.156007] futex hash table entries: 512 (order: 3, 32768 bytes)
[    0.157405] pinctrl core: initialized pinctrl subsystem
[    0.158260] RTC time:  9:12:38, date: 05/28/21
[    0.159030] NET: Registered protocol family 16
[    0.159745] audit: initializing netlink subsys (disabled)
[    0.160028] audit: type=2000 audit(1622193163.244:1): state=initialized audit_enabled=0 res=1
[    0.161110] cpuidle: using governor ladder
[    0.161110] cpuidle: using governor menu
[    0.161252] ACPI: bus type PCI registered
[    0.161863] acpiphp: ACPI Hot Plug PCI Controller Driver version: 0.5
[    0.164107] PCI: Using configuration type 1 for base access
[    0.164953] HugeTLB registered 2.00 MiB page size, pre-allocated 0 pages
[    0.164998] ACPI: Added _OSI(Module Device)
[    0.168004] ACPI: Added _OSI(Processor Device)
[    0.168669] ACPI: Added _OSI(3.0 _SCP Extensions)
[    0.169364] ACPI: Added _OSI(Processor Aggregator Device)
[    0.170145] ACPI: Added _OSI(Linux-Dell-Video)
[    0.170818] ACPI: Added _OSI(Linux-Lenovo-NV-HDMI-Audio)
[    0.172002] ACPI: Added _OSI(Linux-HPI-Hybrid-Graphics)
[    0.172977] ACPI: Executed 1 blocks of module-level executable AML code
[    0.176609] ACPI: Interpreter enabled
[    0.177217] ACPI: (supports S0 S5)
[    0.177741] ACPI: Using IOAPIC for interrupt routing
[    0.178659] PCI: Using host bridge windows from ACPI; if necessary, use "pci=nocrs" and report a bug
[    0.180142] ACPI: Enabled 2 GPEs in block 00 to 07
[    0.185104] ACPI: PCI Root Bridge [PCI0] (domain 0000 [bus 00-ff])
[    0.186007] acpi PNP0A03:00: _OSC: OS supports [ASPM ClockPM Segments MSI]
[    0.187002] acpi PNP0A03:00: _OSC: not requesting OS control; OS requires [ExtendedConfig ASPM ClockPM MSI]
[    0.188011] acpi PNP0A03:00: fail to add MMCONFIG information, can't access extended PCI configuration space under this bridge.
[    0.189882] PCI host bridge to bus 0000:00
[    0.190509] pci_bus 0000:00: root bus resource [io  0x0000-0x0cf7 window]
[    0.192003] pci_bus 0000:00: root bus resource [io  0x0d00-0xffff window]
[    0.192956] pci_bus 0000:00: root bus resource [mem 0x000a0000-0x000bffff window]
[    0.194047] pci_bus 0000:00: root bus resource [mem 0x40000000-0xfdffffff window]
[    0.195125] pci_bus 0000:00: root bus resource [bus 00-ff]
[    0.197444] pci 0000:00:01.1: legacy IDE quirk: reg 0x10: [io  0x01f0-0x01f7]
[    0.198484] pci 0000:00:01.1: legacy IDE quirk: reg 0x14: [io  0x03f6]
[    0.200004] pci 0000:00:01.1: legacy IDE quirk: reg 0x18: [io  0x0170-0x0177]
[    0.201034] pci 0000:00:01.1: legacy IDE quirk: reg 0x1c: [io  0x0376]
[    0.213726] pci 0000:00:07.0: quirk: [io  0x4000-0x403f] claimed by PIIX4 ACPI
[    0.215048] pci 0000:00:07.0: quirk: [io  0x4100-0x410f] claimed by PIIX4 SMB
[    0.222225] ACPI: PCI Interrupt Link [LNKA] (IRQs 5 9 10 *11)
[    0.223479] ACPI: PCI Interrupt Link [LNKB] (IRQs 5 9 *10 11)
[    0.224087] ACPI: PCI Interrupt Link [LNKC] (IRQs 5 *9 10 11)
[    0.225010] ACPI: PCI Interrupt Link [LNKD] (IRQs 5 9 10 *11)
[    0.226162] SCSI subsystem initialized
[    0.226807] pci 0000:00:02.0: vgaarb: setting as boot VGA device
[    0.226807] pci 0000:00:02.0: vgaarb: VGA device added: decodes=io+mem,owns=io+mem,locks=none
[    0.228014] pci 0000:00:02.0: vgaarb: bridge control possible
[    0.228856] vgaarb: loaded
[    0.229318] ACPI: bus type USB registered
[    0.229934] usbcore: registered new interface driver usbfs
[    0.232010] usbcore: registered new interface driver hub
[    0.232777] usbcore: registered new device driver usb
[    0.233568] EDAC MC: Ver: 3.0.0
[    0.233568] PCI: Using ACPI for IRQ routing
[    0.233568] NetLabel: Initializing
[    0.236007] NetLabel:  domain hash size = 128
[    0.236648] NetLabel:  protocols = UNLABELED CIPSOv4 CALIPSO
[    0.237485] NetLabel:  unlabeled traffic allowed by default
[    0.238303] clocksource: Switched to clocksource kvm-clock
[    0.246063] VFS: Disk quotas dquot_6.6.0
[    0.246724] VFS: Dquot-cache hash table entries: 512 (order 0, 4096 bytes)
[    0.247813] AppArmor: AppArmor Filesystem Enabled
[    0.248552] pnp: PnP ACPI init
[    0.249750] pnp: PnP ACPI: found 3 devices
[    0.257641] clocksource: acpi_pm: mask: 0xffffff max_cycles: 0xffffff, max_idle_ns: 2085701024 ns
[    0.259107] NET: Registered protocol family 2
[    0.259898] TCP established hash table entries: 8192 (order: 4, 65536 bytes)
[    0.260916] TCP bind hash table entries: 8192 (order: 5, 131072 bytes)
[    0.262393] TCP: Hash tables configured (established 8192 bind 8192)
[    0.263349] UDP hash table entries: 512 (order: 2, 16384 bytes)
[    0.264196] UDP-Lite hash table entries: 512 (order: 2, 16384 bytes)
[    0.265145] NET: Registered protocol family 1
[    0.265791] pci 0000:00:00.0: Limiting direct PCI/PCI transfers
[    0.266642] pci 0000:00:01.0: Activating ISA DMA hang workarounds
[    0.267540] pci 0000:00:02.0: Video device with shadowed ROM at [mem 0x000c0000-0x000dffff]
[    0.268838] Unpacking initramfs...
[    0.509454] Freeing initrd memory: 19512K
[    0.510279] clocksource: tsc: mask: 0xffffffffffffffff max_cycles: 0x159647815e3, max_idle_ns: 440795269835 ns
[    0.512173] platform rtc_cmos: registered platform RTC device (no PNP device found)
[    0.513548] Scanning for low memory corruption every 60 seconds
[    0.514931] Initialise system trusted keyrings
[    0.515634] Key type blacklist registered
[    0.516329] workingset: timestamp_bits=36 max_order=18 bucket_order=0
[    0.517965] zbud: loaded
[    0.518891] squashfs: version 4.0 (2009/01/31) Phillip Lougher
[    0.519909] fuse init (API version 7.26)
[    0.522055] Key type asymmetric registered
[    0.522678] Asymmetric key parser 'x509' registered
[    0.523421] Block layer SCSI generic (bsg) driver version 0.4 loaded (major 246)
[    0.524586] io scheduler noop registered
[    0.525169] io scheduler deadline registered
[    0.525821] io scheduler cfq registered (default)
[    0.526749] ACPI: AC Adapter [AC] (on-line)
[    0.527428] input: Power Button as /devices/LNXSYSTM:00/LNXPWRBN:00/input/input0
[    0.528549] ACPI: Power Button [PWRF]
[    0.529153] input: Sleep Button as /devices/LNXSYSTM:00/LNXSLPBN:00/input/input1
[    0.530224] ACPI: Sleep Button [SLPF]
[    0.531537] ACPI: Battery Slot [BAT0] (battery present)
[    0.532154] Serial: 8250/16550 driver, 32 ports, IRQ sharing enabled
[    05555164] 00:02: ttyS0 atIIOO 0x3f8 (irq = 4, base_baud = 115200) is a 16550A
[    0.849403] Linux agpgart interface v0.103
[    0.948784] loo::mmodule loaded
[    1.168381] scsi host0: ata_piix
[    1.367812] scsi host1: ata_piix
[    1.380693] ata1: PATA max UDMA/33 cmd 0x1f0 ctl 0x3f6 bmdma 0xd000 irq 14
[    1.381842] ata2: PATA max UDMA/33 cmd 0x170 ctl 0x376 bmdma 0xd008 irq 15
[    1.387520] libphy: Fixed MDIO Bus: probed
[    1.388316] tun: Universal TUN/TAP device driver, 1.6
[    1.389256] PPP generic driver version 2.4.2
[    1.390096] ehci_hcd: USB 2.0 'Enhanced' Host Controller (EHCI) Driver
[    1.391189] ehci-pci: EHCI PCI platform driver
[    1.392006] ehci-platform: EHCI generic platform driver
[    1.407733] ohci_hcd: USB 1.1 'Open' Host Controller (OHCI) Driver
[    1.408813] ohci-pci: OHCI PCI platform driver
[    1.409617] ohci-platform: OHCI generic platform driver
[    1.410533] uhci_hcd: USB Universal Host Controller Interface driver
[    1.411687] i8042: PNP: PS/2 Controller [PNP0303:PS2K,PNP0f03:PS2M] at 0x60,0x64 irq 1,12
[    1.413571] serio: i8042 KBD port at 0x60,0x64 irq 1
[    1.417975] serio: i8042 AUX port at 0x60,0x64 irq 12
[    1.418968] mousedev: PS/2 mouse device common for all mice
[    1.420225] input: AT Translated Set 2 keyboard as /devices/platform/i8042/serio0/input/input2
[    1.421943] rtc_cmos rtc_cmos: rtc core: registered rtc_cmos as rtc0
[    1.428181] rtc_cmos rtc_cmos: alarms up to one day, 114 bytes nvram
[    1.429246] i2c /dev entries driver
[    1.429958] device-mapper: uevent: version 1.0.3
[    1.430829] device-mapper: ioctl: 4.37.0-ioctl (2017-09-20) initialised: dm-devel@redhat.com
[    1.433870] ledtrig-cpu: registered to indicate activity on CPUs
[    1.436671] NET: Registered protocol family 10
[    1.450693] Segment Routing with IPv6
[    1.451381] NET: Registered protocol family 17
[    1.452227] Key type dns_resolver registered
[    1.628105] mce: Using 0 MCE banks
[    1.628961] RAS: Correctable Errors collector initialized.
[    1.648262] sched_clock: Marking stable (1648221289, 0)->(1775005639, -126784350)
[    1.649903] registered taskstats version 1
[    1.657830] Loading compiled-in X.509 certificates
[    1.660771] Loaded X.509 cert 'Build time autogenerated kernel key: de118354fe72448b469776565e76ac30c08e8db2'
[    1.663994] Loaded X.509 cert 'Canonical Ltd. Live Patch Signing: 14df34d1a87cf37625abec039ef2bf521249b969'
[    1.669408] Loaded X.509 cert 'Canonical Ltd. Kernel Module Signing: 88f752e560a1e0737e31163a466ad7b70a850c19'
[    1.675782] zswap: loaded using pool lzo/zbud
[    1.679430] Key type big_key registered
[    1.680141] Key type trusted registered
[    1.682173] Key type encrypted registered
[    1.687763] AppArmor: AppArmor sha1 policy hashing enabled
[    1.688729] ima: No TPM chip found, activating TPM-bypass! (rc=-19)
[    1.689783] ima: Allocated hash algorithm: sha1
[    1.690598] evm: HMAC attrs: 0x1
[    1.694158]   Magic number: 5:220:223
[    1.694941] rtc_cmos rtc_cmos: setting system clock to 2021-05-28 09:12:39 UTC (1622193159)
[    1.696539] BIOS EDD facility v0.16 2004-Jun-25, 0 devices found
[    1.697591] EDD information not available.
[    1.700155] Freeing unused kernel image memory: 2444K
[    1.727587] Write protecting the kernel read-only data: 20480k
[    1.788932] Freeing unused kernel image memory: 2008K
[    2.158295] Freeing unused kernel image memory: 1828K
[    2.163392] x86/mm: Checked W+X mappings: passed, no W+X pages found.
[    2.165854] x86/mm: Checking user space page tables
[    2.172275] x86/mm: Checked W+X mappings: passed, no W+X pages found.
Loading, please wait...
starting version 237
[    2.226884] e1000: Intel(R) PRO/1000 Network Driver - version 7.3.21-k8-NAPI
[    2.242107] e1000: Copyright (c) 1999-2006 Intel Corporation.
[    2.245143] Fusion MPT base driver 3.04.20
[    2.246029] Copyright (c) 1999-2008 LSI Corporation
[    2.258463] Fusion MPT SPI Host driver 3.04.20
[    2.266576] AVX2 version of gcm_enc/dec engaged.
[    2.267641] AES CTR mode by8 optimization enabled
[    2.449468] input: ImExPS/2 Generic Explorer Mouse as /devices/platform/i8042/serio1/input/input4
[    2.610969] e1000 0000:00:03.0 eth0: (PCI:33MHz:32-bit) 02:c3:ac:bf:e0:17
[    3.037813] e1000 0000:00:03.0 eth0: Intel(R) PRO/1000 Network Connection
[    3.395106] e1000 0000:00:08.0 eth1: (PCI:33MHz:32-bit) 08:00:27:dc:62:56
[    3.497655] e1000 0000:00:08.0 eth1: Intel(R) PRO/1000 Network Connection
[    3.499528] e1000 0000:00:03.0 enp0s3: renamed from eth0
[    3.500418] mptbase: ioc0: Initiating bringup
[    3.520437] e1000 0000:00:08.0 enp0s8: renamed from eth1
[    3.609447] ioc0: LSI53C1030 A0: Capabilities={Initiator}
[    4.299564] scsi host2: ioc0: LSI53C1030 A0, FwRev=00000000h, Ports=1, MaxQ=256, IRQ=20
[    4.468742] scsi 2:0:0:0: Direct-Access     VBOX     HARDDISK         1.0  PQ: 0 ANSI: 5
[    4.609454] scsi target2:0:0: Beginning Domain Validation
[    4.719703] scsi target2:0:0: Domain Validation skipping write tests
[    5.078955] scsi target2:0:0: Ending Domain Validation
[    5.079795] scsi target2:0:0: asynchronous
[    5.080615] scsi 2:0:1:0: Direct-Access     VBOX     HARDDISK         1.0  PQ: 0 ANSI: 5
[    5.307447] scsi target2:0:1: Beginning Domain Validation
[    5.359632] random: fast init done
[    5.360146] scsi target2:0:1: Domain Validation skipping write tests
[    5.558994] scsi target2:0:1: Ending Domain Validation
[    5.814386] scsi target2:0:1: asynchronous
[    6.006196] random: systemd-udevd: uninitialized urandom read (16 bytes read)
[    6.419120] random: systemd-udevd: uninitialized urandom read (16 bytes read)
[    6.419176] sd 2:0:0:0: Attached scsi generic sg0 type 0
[    6.617536] random: systemd-udevd: uninitialized urandom read (16 bytes read)
[    6.621398] sd 2:0:0:0: [sda] 83886080 512-byte logical blocks: (42.9 GB/40.0 GiB)
[    6.622469] sd 2:0:0:0: [sda] Write Protect is off
[    6.623248] sd 2:0:0:0: [sda] Incomplete mode parameter data
[    6.623327] sd 2:0:1:0: [sdb] 20480 512-byte logical blocks: (10.5 MB/10.0 MiB)
[    6.623986] sd 2:0:0:0: [sda] Assuming drive cache: write through
[    6.625610] sd 2:0:1:0: [sdb] Write Protect is off
[    6.626608] sd 2:0:1:0: Attached scsi generic sg1 type 0
[    6.628488] sd 2:0:1:0: [sdb] Incomplete mode parameter data
[    6.641501] sd 2:0:1:0: [sdb] Assuming drive cache: write through
[    6.661305]  sda: sda1
[    6.711989] sd 2:0:1:0: [sdb] Attached SCSI disk
[    6.733602] sd 2:0:0:0: [sda] Attached SCSI disk
Begin: Loading essential drivers ... [    8.244058] raid6: sse2x1   gen() 13344 MB/s
[    8.748130] raid6: sse2x1   xor()  7982 MB/s
[    8.807374] raid6: sse2x2   gen() 16933 MB/s
[    9.307340] raid6: sse2x2   xor() 13241 MB/s
[    9.572766] raid6: sse2x4   gen() 18623 MB/s
[    9.637335] raid6: sse2x4   xor() 12416 MB/s
[    9.757375] raid6: avx2x1   gen() 27585 MB/s
[    9.887336] raid6: avx2x1   xor() 17114 MB/s
[   10.367367] raid6: avx2x2   gen() 37298 MB/s
[   10.687426] raid6: avx2x2   xor() 23247 MB/s
[   10.737386] raid6: avx2x4   gen() 35774 MB/s
[   10.787419] raid6: avx2x4   xor() 21249 MB/s
[   10.788147] raid6: using algorithm avx2x2 gen() 37298 MB/s
[   10.788961] raid6: .... xor() 23247 MB/s, rmw enabled
[   10.789724] raid6: using avx2x2 recovery algorithm
[   10.791527] xor: automatically using best checksumming function   avx       
[   10.840720] async_tx: api initialized (async)
done.
Begin: Running /scripts/init-premount ... done.
Begin: Mounting root file system ... Begin: Running /scripts/local-top ... done.
Begin: Running /scripts/local-premount ... [   10.901026] Btrfs loaded, crc32c=crc32c-intel
Scanning for Btrfs filesystems
done.
Warning: fsck not present, so skipping root file system
[   10.985560] EXT4-fs (sda1): INFO: recovery required on readonly filesystem
[   10.986437] EXT4-fs (sda1): write access will be enabled during recovery
[   11.076943] EXT4-fs (sda1): orphan cleanup on readonly fs
[   11.981687] EXT4-fs (sda1): 7 orphan inodes deleted
[   12.198695] EXT4-fs (sda1): recovery complete
[   12.366236] EXT4-fs (sda1): mounted filesystem with ordered data mode. Opts: (null)
done.
Begin: Running /scripts/local-bottom ... done.
Begin: Running /scripts/init-bottom ... done.
[   13.416169] random: crng init done
[   13.479074] random: 7 urandom warning(s) missed due to ratelimiting
[   14.699896] ip_tables: (C) 2000-2006 Netfilter Core Team
[   14.937947] systemd[1]: systemd 237 running in system mode. (+PAM +AUDIT +SELINUX +IMA +APPARMOR +SMACK +SYSVINIT +UTMP +LIBCRYPTSETUP +GCRYPT +GNUTLS +ACL +XZ +LZ4 +SECCOMP +BLKID +ELFUTILS +KMOD -IDN2 +IDN -PCRE2 default-hierarchy=hybrid)
[   15.030268] systemd[1]: Detected virtualization oracle.
[   15.030979] systemd[1]: Detected architecture x86-64.

Welcome to [1mUbuntu 18.04.5 LTS[0m!

[   15.078515] systemd[1]: Set hostname to <ubuntu-bionic>.
[   19.484463] systemd[1]: Reached target Swap.
[[0;32m  OK  [0m] Reached target Swap.
[   19.560012] systemd[1]: Reached target System Time Synchronized.
[[0;32m  OK  [0m] Reached target System Time Synchronized.
[   19.561855] systemd[1]: Set up automount Arbitrary Executable File Formats File System Automount Point.
[[0;32m  OK  [0m] Set up automount Arbitrary Executab…rmats File System Automount Point.
[   19.565695] systemd[1]: Created slice User and Session Slice.
[[0;32m  OK  [0m] Created slice User and Session Slice.
[   19.567210] systemd[1]: Reached target User and Group Name Lookups.
[[0;32m  OK  [0m] Reached target User and Group Name Lookups.
[   19.569088] systemd[1]: Created slice System Slice.
[[0;32m  OK  [0m] Created slice System Slice.
[[0;32m  OK  [0m] Listening on LVM2 metadata daemon socket.
[[0;32m  OK  [0m] Listening on fsck to fsckd communication Socket.
[[0;32m  OK  [0m] Listening on Journal Socket (/dev/log).
[[0;32m  OK  [0m] Listening on /dev/initctl Compatibility Named Pipe.
[[0;32m  OK  [0m] Listening on Journal Socket.
         Starting Set the console keyboard layout...
         Mounting POSIX Message Queue File System...
         Starting Load Kernel Modules...
[[0;32m  OK  [0m] Listening on udev Kernel Socket.
[[0;32m  OK  [0m] Listening on Syslog Socket.
[[0;32m  OK  [0m] Listening on Journal Audit Socket.
         Starting Journal Service...
[[0;32m  OK  [0m] Reached target Slices.
         Mounting Huge Pages File System...
[[0;32m  OK  [0m] Listening on udev Control Socket.
[[0;32m  OK  [0m] Listening on LVM2 poll daemon socket.
         Starting udev Coldplug all Devices...
[[0;32m  OK  [0m] Created slice system-serial\x2dgetty.slice.
         Starting Uncomplicated firewall...
[[0;32m  OK  [0m] Listening on Network Service Netlink Socket.
         Starting Create list of required st…ce nodes for the current kernel...
         Mounting Kernel Debug File System...
         Starting File System Check on Root Device...
[[0;32m  OK  [0m] Listening on Device-mapper event daemon FIFOs.
         Starting Monitoring of LVM2 mirrors…ng dmeventd or progress polling...
[[0;32m  OK  [0m] Started Forward Password Requests to Wall Directory Watch.
[[0;32m  OK  [0m] Started udev Coldplug all Devices.
[[0;32m  OK  [0m] Started Journal Service.
[[0;32m  OK  [0m] Started Uncomplicated firewall.
[[0;32m  OK  [0m] Mounted POSIX Message Queue File System.
[[0;32m  OK  [0m] Mounted Huge Pages File System.
[[0;32m  OK  [0m] Mounted Kernel Debug File System.
[[0;32m  OK  [0m] Started Create list of required sta…vice nodes for the current kernel.
         Starting Create Static Device Nodes in /dev...
[[0;32m  OK  [0m] Started File System Check Daemon to report status.
[   20.172388] Loading iSCSI transport class v2.0-870.
[[0;32m  OK  [0m] Started Set the console keyboard layout.
[   20.746177] iscsi: registered transport (tcp)
[[0;32m  OK  [0m] Started File System Check on Root Device.
         Starting Remount Root and Kernel File Systems...
[   21.574413] iscsi: registered transport (iser)
[[0;32m  OK  [0m] Started Load Kernel Modules.
         Starting Apply Kernel Variables...
         Mounting FUSE Control File System...
         Mounting Kernel Configuration File System...
[[0;32m  OK  [0m] Mounted FUSE Control File System.
[[0;32m  OK  [0m] Mounted Kernel Configuration File System.
[[0;32m  OK  [0m] Started LVM2 metadata daemon.
[[0;32m  OK  [[   21.621879] EXT4-fs (sda1): re-mounted. Opts: (null)
0m] Started Create Static Device Nodes in /dev.
[[0;32m  OK  [0m] Started Remount Root and Kernel File Systems.
         Starting Flush Journal to Persistent Storage...
         Starting Load/Save Random Seed...
         Starting udev Kernel Device Manager...
[   21.750342] systemd-journald[399]: Received request to flush runtime journal from PID 1
[[0;32m  OK  [0m] Started Load/Save Random Seed.
[[0;32m  OK  [0m] Started Monitoring of LVM2 mirrors,…sing dmeventd or progress polling.
[[0;32m  OK  [0m] Reached target Local File Systems (Pre).
[[0;32m  OK  [0m] Reached target Local File Systems.
         Starting AppArmor initialization...
         Starting Tell Plymouth To Write Out Runtime Data...
         Starting Set console font and keymap...
         Starting ebtables ruleset management...
[[0;32m  OK  [0m] Started udev Kernel Device Manager.
[[0;32m  OK  [0m] Started Dispatch Password Requests to Console Directory Watch.
[[0;32m  OK  [0m] Reached target Local Encrypted Volumes.
[[0;32m  OK  [0m] Started Apply Kernel Variables.
[[0;32m  OK  [0m] Started Tell Plymouth To Write Out Runtime Data.
[[0;32m  OK  [0m] Started Set console font and keymap.
[[0;32m  OK  [0m] Found device /dev/ttyS0.
[[0;32m  OK  [0m] Started Flush Journal to Persistent Storage.
         Starting Create Volatile Files and Directories...
[[0;32m  OK  [0m] Listening on Load/Save RF Kill Switch Status /dev/rfkill Watch.
[[0;32m  OK  [0m] Started ebtables ruleset management.
[[0;32m  OK  [0m] Started Create Volatile Files and Directories.
         Starting Update UTMP about System Boot/Shutdown...
[[0;32m  OK  [0m] Started Update UTMP about System Boot/Shutdown.
[[0;32m  OK  [0m] Started AppArmor initialization.
         Starting Initial cloud-init job (pre-networking)...
         Starting Load AppArmor profiles managed internally by snapd...
[[0;32m  OK  [0m] Started Load AppArmor profiles managed internally by snapd.
[   33.408719] cloud-init[566]: Cloud-init v. 21.1-19-gbad84ad4-0ubuntu1~18.04.2 running 'init-local' at Fri, 28 May 2021 09:13:10 +0000. Up 32.78 seconds.
[[0;32m  OK  [0m] Started Initial cloud-init job (pre-networking).
[[0;32m  OK  [0m] Reached target Network (Pre).
         Starting Network Service...
[[0;32m  OK  [0m] Started Network Service.
         Starting Network Name Resolution...
         Starting Wait for Network to be Configured...
[[0;32m  OK  [0m] Started Network Name Resolution.
[[0;32m  OK  [0m] Reached target Host and Network Name Lookups.
[[0;32m  OK  [0m] Reached target Network.
[[0;32m  OK  [0m] Started Wait for Network to be Configured.
         Starting Initial cloud-init job (metadata service crawler)...
[   35.779253] cloud-init[679]: Cloud-init v. 21.1-19-gbad84ad4-0ubuntu1~18.04.2 running 'init' at Fri, 28 May 2021 09:13:13 +0000. Up 35.66 seconds.
[   35.782280] cloud-init[679]: ci-info: ++++++++++++++++++++++++++++++++++++++Net device info+++++++++++++++++++++++++++++++++++++++
[   35.786062] cloud-init[679]: ci-info: +--------+------+-----------------------------+---------------+--------+-------------------+
[   35.787885] cloud-init[679]: ci-info: | Device |  Up  |           Address           |      Mask     | Scope  |     Hw-Address    |
[   35.789709] cloud-init[679]: ci-info: +--------+------+-----------------------------+---------------+--------+-------------------+
[   35.791502] cloud-init[679]: ci-info: | enp0s3 | True |          10.0.2.15          | 255.255.255.0 | global | 02:c3:ac:bf:e0:17 |
[   35.793314] cloud-init[679]: ci-info: | enp0s3 | True |  fe80::c3:acff:febf:e017/64 |       .       |  link  | 02:c3:ac:bf:e0:17 |
[   35.795054] cloud-init[679]: ci-info: | enp0s8 | True |        192.168.56.11        | 255.255.255.0 | global | 08:00:27:dc:62:56 |
[   35.797818] cloud-init[679]: ci-info: | enp0s8 | True | fe80::a00:27ff:fedc:6256/64 |       .       |  link  | 08:00:27:dc:62:56 |
[   35.799552] cloud-init[679]: ci-info: |   lo   | True |          127.0.0.1          |   255.0.0.0   |  host  |         .         |
[   35.802122] cloud-init[679]: ci-info: |   lo   | True |           ::1/128           |       .       |  host  |         .         |
[   35.804458] cloud-init[679]: ci-info: +--------+------+-----------------------------+---------------+--------+-------------------+
[   35.807202] cloud-init[679]: ci-info: +++++++++++++++++++++++++++++Route IPv4 info+++++++++++++++++++++++++++++
[   35.808815] cloud-init[679]: ci-info: +-------+--------------+----------+-----------------+-----------+-------+
[   35.810390] cloud-init[679]: ci-info: | Route | Destination  | Gateway  |     Genmask     | Interface | Flags |
[   35.811959] cloud-init[679]: ci-info: +-------+--------------+----------+-----------------+-----------+-------+
[   35.813585] cloud-init[679]: ci-info: |   0   |   0.0.0.0    | 10.0.2.2 |     0.0.0.0     |   enp0s3  |   UG  |
[   35.815162] cloud-init[679]: ci-info: |   1   |   10.0.2.0   | 0.0.0.0  |  255.255.255.0  |   enp0s3  |   U   |
[   35.816778] cloud-init[679]: ci-info: |   2   |   10.0.2.2   | 0.0.0.0  | 255.255.255.255 |   enp0s3  |   UH  |
[   35.818338] cloud-init[679]: ci-info: |   3   | 192.168.56.0 | 0.0.0.0  |  255.255.255.0  |   enp0s8  |   U   |
[   35.819888] cloud-init[679]: ci-info: +-------+--------------+----------+-----------------+-----------+-------+
[   35.821502] cloud-init[679]: ci-info: +++++++++++++++++++Route IPv6 info+++++++++++++++++++
[   35.822866] cloud-init[679]: ci-info: +-------+-------------+---------+-----------+-------+
[   35.824329] cloud-init[679]: ci-info: | Route | Destination | Gateway | Interface | Flags |
[   35.826017] cloud-init[679]: ci-info: +-------+-------------+---------+-----------+-------+
[   35.830437] cloud-init[679]: ci-info: |   1   |  fe80::/64  |    ::   |   enp0s8  |   U   |
[   35.831881] cloud-init[679]: ci-info: |   2   |  fe80::/64  |    ::   |   enp0s3  |   U   |
[   35.833360] cloud-init[679]: ci-info: |   4   |    local    |    ::   |   enp0s3  |   U   |
[   35.834737] cloud-init[679]: ci-info: |   5   |    local    |    ::   |   enp0s8  |   U   |
[   35.836136] cloud-init[679]: ci-info: |   6   |   ff00::/8  |    ::   |   enp0s8  |   U   |
[   35.837503] cloud-init[679]: ci-info: |   7   |   ff00::/8  |    ::   |   enp0s3  |   U   |
[   35.838858] cloud-init[679]: ci-info: +-------+-------------+---------+-----------+-------+
[[0;32m  OK  [0m] Started Initial cloud-init job (metadata service crawler).
[[0;32m  OK  [0m] Reached target Network is Online.
[[0;32m  OK  [0m] Reached target Remote File Systems (Pre).
         Mounting /vagrant...
         Starting Availability of block devices...
[[0;32m  OK  [0m] Reached target System Initialization.
[[0;32m  OK  [0m] Listening on ACPID Listen Socket.
[[0;32m  OK  [0m] Listening on UUID daemon activation socket.
         Starting Socket activation for snappy daemon.
[[0;32m  OK  [0m] Started Daily apt download activities.
[[0;32m  OK  [0m] Started Daily apt upgrade and clean activities.
[[0;32m  OK  [0m] Started Discard unused blocks once a week.
[[0;32m  OK  [0m] Started ACPI Events Check.
[[0;32m  OK  [0m] Reached target Paths.
[[0;32m  OK  [0m] Started Daily Cleanup of Temporary Directories.
         Starting LXD - unix socket.
[[0;32m  OK  [0m] Started Message of the Day.
[[0;32m  OK  [0m] Started Ubuntu Advantage update messaging.
[[0;32m  OK  [0m] Listening on D-Bus System Message Bus Socket.
[[0;32m  OK  [0m] Started Clean PHP session files every 30 mins.
[[0;32m  OK  [0m] Reached target Timers.
[[0;32m  OK  [0m] Listening on Open-iSCSI iscsid Socket.
[[0;32m  OK  [0m] Reached target Cloud-config availability.
[[0;32m  OK  [0m] Mounted /vagrant.
[[0;32m  OK  [0m] Started Availability of block devices.
[[0;32m  OK  [0m] Listening on Socket activation for snappy daemon.
[[0;32m  OK  [0m] Listening on LXD - unix socket.
[[0;32m  OK  [0m] Reached target Sockets.
[[0;32m  OK  [0m] Reached target Basic System.
[[0;32m  OK  [0m] Started Deferred execution scheduler.
         Starting Login Service...
         Starting Accounts Service...
         Starting Clean php session files...
         Starting Virtualbox guest utils...
         Starting MySQL Community Server...
[[0;32m  OK  [0m] Started irqbalance daemon.
         Starting System Logging Service...
[[0;32m  OK  [0m] Started Regular background program processing daemon.
         Starting OpenBSD Secure Shell server...
         Starting Dispatcher daemon for systemd-networkd...
[[0;32m  OK  [0m] Started FUSE filesystem for LXC.
[[0;32m  OK  [0m] Started D-Bus System Message Bus.
         Starting LXD - container startup/shutdown...
         Starting LSB: Record successful boot for GRUB...
         Starting Snap Daemon...
[[0;32m  OK  [0m] Reached target Remote File Systems.
         Starting Permit User Sessions...
         Starting The Apache HTTP Server...
         Starting LSB: automatic crash report generation...
[[0;32m  OK  [0m] Started System Logging Service.
[[0;32m  OK  [0m] Started Login Service.
[[0;32m  OK  [0m] Started Unattended Upgrades Shutdown.
[[0;32m  OK  [0m] Started Permit User Sessions.
         Starting Hold until boot process finishes up...
         Starting Terminate Plymouth Boot Screen...
[[0;32m  OK  [0m] Started Hold until boot process finishes up.
[[0;32m  OK  [0m] Started Serial Getty on ttyS0.
         Starting Set console scheme...
[[0;32m  OK  [0m] Started Terminate Plymouth Boot Screen.
[[0;32m  OK  [0m] Started Set console scheme.
[[0;32m  OK  [0m] Created slice system-getty.slice.
[[0;32m  OK  [0m] Started Getty on tty1.
[[0;32m  OK  [0m] Reached target Login Prompts.
         Starting Authorization Manager...
[[0;32m  OK  [0m] Started LSB: automatic crash report generation.
[[0;32m  OK  [0m] Started LSB: Record successful boot for GRUB.
[[0;32m  OK  [0m] Started OpenBSD Secure Shell server.
[[0;32m  OK  [0m] Started Authorization Manager.
[[0;32m  OK  [0m] Started Accounts Service.
[[0;32m  OK  [0m] Started Virtualbox guest utils.
[[0;32m  OK  [0m] Started Dispatcher daemon for systemd-networkd.

Ubuntu 18.04.5 LTS ubuntu-bionic ttyS0

ubuntu-bionic login: [   56.093412] cloud-init[1639]: Cloud-init v. 21.1-19-gbad84ad4-0ubuntu1~18.04.2 running 'modules:config' at Fri, 28 May 2021 09:13:33 +0000. Up 55.57 seconds.
[   57.831797] cloud-init[1714]: Cloud-init v. 21.1-19-gbad84ad4-0ubuntu1~18.04.2 running 'modules:final' at Fri, 28 May 2021 09:13:35 +0000. Up 57.43 seconds.
[   57.832519] cloud-init[1714]: Cloud-init v. 21.1-19-gbad84ad4-0ubuntu1~18.04.2 finished at Fri, 28 May 2021 09:13:35 +0000. Datasource DataSourceNoCloud [seed=/dev/sdb][dsmode=net].  Up 57.81 seconds
