[   0.000]Initializing cgroup subsys cpuset
[    0.000000] Initializing cgroup subsys cpu
[    0.000000] Initializing cgroup subsys cpuacct
[    0.000000] Linux version 4.4.0-210-generic (buildd@lgw01-amd64-009) (gcc version 5.4.0 20160609 (Ubuntu 5.4.0-6ubuntu1~16.04.12) ) #242-Ubuntu SMP Fri Apr 16 09:57:56 UTC 2021 (Ubuntu 4.4.0-210.242-generic 4.4.262)
[    0.000000] Command line: BOOT_IMAGE=/boot/vmlinuz-4.4.0-210-generic root=LABEL=cloudimg-rootfs ro console=tty1 console=ttyS0
[    0.000000] KERNEL supported cpus:
[    0.000000]   Intel GenuineIntel
[    0.000000]   AMD AuthenticAMD
[    0.000000]   Centaur CentaurHauls
[    0.000000] x86/fpu: xstate_offset[2]:  576, xstate_sizes[2]:  256
[    0.000000] x86pu: Supporting XSAVE feature 0x01: 'x87 floating point rgists'
[    0.000000] x86/fpu: Supporting XSAVE eare0x02'S registers
[    0.000000 x86/fpu: Supporting XSAVE ate 0x04: 'AVX registers'
[    0.000000] x86/fpu: Enabled xstate features 0x7, context size is 832 bytes, using 'standard' format.
[    0.000000] e820: BIOS-provided physical RAM map:
[    0.000000] BIOS-e820: [mem 0x0000000000000000-0x000000000009fbff] usable
[    0.000000] BIOS-e820: [mem 0x000000000009fc00-0x000000000009ffff] reserved
[    0.000000] BIOS-e820: [mem 0x00000000000f0000-0x00000000000fffff] reserved
[    0.000000] BIOS-e820: [mem 0x0000000000100000-0x000000003ffeffff] usable
[    0.000000] BIOS-e820: [mem 0x000000003fff0000-0x000000003fffffff] ACPI data
[    0.000000] BIOS-e820: [mem 0x00000000fec00000-0x00000000fec00fff] reserved
[    0.000000] BIOS-e820: [mem 0x00000000fee00000-0x00000000fee00fff] reserved
[    0.000000] BIOS-e820: [mem 0x00000000fffc0000-0x00000000ffffffff] reserved
[    0.000000] NX (Execute Disable) protection: active
[    0.000000] SMBIOS 2.5 present.
[    0.000000] Hypervisor detected: KVM
[    0.000000] e820: last_pfn = 0x3fff0 max_arch_pfn = 0x400000000
[    0.000000] MTRR: Disabled
[    0.000000] x86/PAT: MTRRs disabled, skipping PAT initialization too.
[    0.000000] CPU MTRRs all blank - virtualized system.
[    0.000000] x86/PAT: Configurti [-7]: WB T  UC-C WB  WT  UC- UC  
[    0.000000] found SMP MP-table at [mem 0x0009fff0-0x0009ffff] mapped at [ffff88000009fff0]
[    0.000000] Scanning 1 areas for low memory corruption
[    0.000000] RAMDISK: [mem 0x362de000-0x37166fff]
[    0.000000] ACPI: Early table checksum verification disabled
[    0.000000] ACPI: RSDP 0x00000000000E0000 000024 (v02 VBOX  )
[    0.000000] ACPI: XSDT 0x000000003FFF0030 00003C (v01 VBOX   VBOXXSDT 00000001 ASL  00000061)
[    0.000000] ACPI: FACP 0x000000003FFF00F0 0000F4 (v04 VBOX   VBOXFACP 00000001 ASL  00000061)
[    0.000000] ACPI: DSDT 0x000000003FFF0470 0021FF (v02 VBOX   VBOXBIOS 00000002 INTL 20180105)
[    0.000000] ACPI: FACS 0x000000003FFF0200 000040
[    0.000000] ACPI: FACS 0x000000003FFF0200 000040
[    0.000000] ACPI: APIC 0x000000003FFF0240 00005C (v02 VBOX   VBOXAPIC 00000001 ASL  00000061)
[    0.000000] ACPI: SSDT 0x000000003FFF02A0 0001CC (v01 VBOX   VBOXCPUT 00000002 INTL 20180105)
[    0.000000] No NUMA configuration found
[    0.000000] Faking a node at [mem 0x0000000000000000-0x000000003ffeffff]
[    0.000000] NODE_DATA(0) allocated [mem 0x3ffeb000-0x3ffeffff]
[    0.000000] kvm-clock: Using msrs 4b564d01 and 4b564d00
[    0.000000] kvm-clock: cpu 0, msr 0:3ffe3001, primary cpu clock
[    0.000000] kvm-clock: using sched offset of 3581160178 cycles
[    0.000000] clocksource: kvm-clock: mask: 0xffffffffffffffff max_cycles: 0x1cd42e4dffb, max_idle_ns: 881590591483 ns
[    0.000000] Zone ranges:
[    0.000000]   DMA      [mem 0x0000000000001000-0x0000000000ffffff]
[    0.000000]   DMA32    [mem 0x0000000001000000-0x000000003ffeffff]
[    0.000000]   Normal   empty
[    0.000000]   Device   empty
[    0.000000] Movable zone start for each node
[    0.000000] Early memory node ranges
[    0.000000]   node   0: [mem 0x0000000000001000-0x000000000009efff]
[    0.000000]   node   0: [mem 0x0000000000100000-0x000000003ffeffff]
[    0.000000] Initmem setup node 0 [mem 0x0000000000001000-0x000000003ffeffff]
[    0.000000] ACPI: PM-Timer IO Port: 0x4008
[    0.000000] IOAPIC[0]: apic_id 2, version 32, address 0xfec00000, GSI 0-23
[    0.000000] ACPI: INT_SRC_OVR (bus 0 bus_irq 0 global_irq 2 dfl dfl)
[    0.000000] ACPI: INT_SRC_OVR (bus 0 bus_irq 9 global_irq 9 low level)
[    0.000000] Using ACPI (MADT) for SMP configuration information
[    0.000000] smpboot: Allowing 2 CPUs, 0 hotplug CPUs
[    0.000000] PM: Registered nosave memory: [mem 0x00000000-0x00000fff]
[    0.000000] PM: Registered nosave memory: [mem 0x0009f000-0x0009ffff]
[    0.000000] PM: Registered nosave memory: [mem 0x000a0000-0x000effff]
[    0.000000] PM: Registered nosave memory: [mem 0x000f0000-0x000fffff]
[    0.000000] e820: [mem 0x40000000-0xfebfffff] available for PCI devices
[    0.000000] Booting paravirtualized kernel on KVM
[    0.000000] clocksource: refined-jiffies: mask: 0xffffffff max_cycles: 0xffffffff, max_idle_ns: 7645519600211568 ns
[    0.000000] setup_percpu: NR_CPUS:512 nr_cpumask_bits:512 nr_cpu_ids:2 nr_node_ids:1
[    0.000000] PERCPU: Embedded 33 pages/cpu @ffff88003fc00000 s95192 r8192 d31784 04576   0.000000] Built 1 nest in derder, mobility grouping on.  Total pages: 257912
[    0.000000] Policy zone: DMA32
[    0.000000] Kernel command line: BOOT_MA=/oot/liz-4.4.0-210-gnec oot=BEcloudimg-rootfs ro console=tty1 console=ttyS0
[    0.000000] PID hash table entries: 4096 (order: 3, 32768 bytes)
[    0.000000] Memory: 997796K/1048120K available (8644K kernel code, 1332K rwdata, 4044K rodata, 1492K init, 1164K bss, 50324K reserved, 0K cma-reserved)
[    0.000000] SLUB: HWalign=64, Order=0-3, MinObjects=0, CPUs=2, Nodes=1
[    0.000000] Kernel/User page tables isolation: enabled
[    0.000000] Hierarchical RCU implementation.
[    0.000000] 	Build-time adjustmenof leaf fanout to 64.
[    0.000000] 	RCU restricting CPUs from NR_CPUS=512 to nr_cpu_ids=2.
[    0.000000] RCU: Adjusting geometry for rcu_fanout_leaf=64, nr_cpu_ids=2
[    0.000000] NR_IRQS:33024 nr_irqs:440 16
[    0.000000] Console: colour VGA+ 80x25
[    0.000000] console [tty1] enabled
[    0.000000] console [ttyS0] enabled
[    0.000000] tsc: Detected 1492.325 MHz processor
[    1.355456] Calibrating delay loop (skipped) preset value.. 2984.65 BogoMIPS (lpj=5969300)
[    1.356838] pid_max: default: 32768 minimum: 301
[    1.359516] ACPI: Core revision 20150930
[    1.408184] ACPI: 2 ACPI AML tables successfully acquired and loaded
[    1.415675] Security Framework initialized
[    1.416343] Yama: becoming mindful.
[    1.427571] AppArmor: AppArmor initialized
[    1.428369] Dentry cache hash table entries: 131072 (order: 8, 1048576 bytes)
[    1.430138] Inode-cache hash table entries: 65536 (order: 7, 524288 bytes)
[    1.447663] Mount-cache hash table entries: 2048 (order: 2, 16384 bytes)
[    1.457520] Mountpoint-cache hash table entries: 2048 (order: 2, 16384 bytes)
[    1.485871] Initializing cgroup subsys io
[    1.486526] Initializing cgroup subsys memory
[    1.488431] Initializing cgroup subsys devices
[    1.489139] Initializing cgroup subsys freezer
[    1.492426] Initializing cgroup subsys net_cls
[    1.500611] Initializing cgroup subsys perf_event
[    1.504815] Initializing cgroup subsys net_prio
[    1.508347] Initializing cgroup subsys hugetlb
[    1.509053] Initializing cgroup subsys pids
[    1.519999] mce: CPU supports 0 MCE banks
[    1.520660] Last level iTLB entries: 4KB 0, 2MB 0, 4MB 0
[    1.521468] Last level dTLB entries: 4KB 0, 2MB 0, 4MB 0, 1GB 0
[    1.566794] Spectre V1 : Mitigation: usercopy/swapgs barriers and __user pointer sanitization
[    1.568054] Spectre V2 : Mitigation: Full generic retpoline
[    1.572747] Spectre V2 : Spectre v2 / SpectreRSB mitigation: Filling RSB on context switch
[    1.573958] Speculative Store Bypass: Vulnerable
[    1.640851] MDS: Mitigation: Clear CPU buffers
[    1.699393] Freeing SMP alternatives memory: 36K
[    1.706140] ftrace: allocating 32380 entries in 127 pages
[    1.774420] smpboot: APIC(0) Converting physical 0 to logical package 0
[    1.786034] smpboot: Max logical packages: 1
[    1.787064] x2apic enabled
[    1.804051] Switched APIC routing to physical x2apic.
[    1.805887] ..TIMER: vector=0x30 apic1=0 pin1=2 apic2=-1 pin2=-1
[    1.920608] smpboot: CPU0: Intel(R) Core(TM) i5-1035G4 CPU @ 1.10GHz (family: 0x6, model: 0x7e, stepping: 0x5)
[    1.990497] Performance Events: unsupported p6 CPU model 126 no PMU driver, software events only.
[    2.041217] KVM setup paravirtual spinlock
[    2.042705] x86: Booting SMP configuration:
[    2.043380] .... node  #0, CPUs:      #1
[    2.044226] kvm-clock: cpu 1, msr 0:3ffe3041, secondary cpu clock
[    2.048771] mce: CPU supports 0 MCE banks
[    2.051174] x86: Booted up 1 node, 2 CPUs
[    2.052162] smpboot: Total of 2 processors activated (5969.30 BogoMIPS)
[    2.053527] devtmpfs: initialized
[    2.055239] evm: security.selinux
[    2.062226] evm: security.SMACK64
[    2.062896] evm: security.SMACK64EXEC
[    2.063512] evm: security.SMACK64TRANSMUTE
[    2.064252] evm: security.SMACK64MMAP
[    2.070309] evm: security.ima
[    2.070955] evm: security.capability
[    2.071770] clocksource: jiffies: mask: 0xffffffff max_cycles: 0xffffffff, max_idle_ns: 7645041785100000 ns
[    2.073282] futex hash table entries: 512 (order: 3, 32768 bytes)
[    2.074458] pinctrl core: initialized pinctrl subsystem
[    2.080745] RTC time:  3:38:49, date: 05/22/21
[    2.081855] NET: Registered protocol family 16
[    2.092850] cpuidle: using governor ladder
[    2.104364] cpuidle: using governor menu
[    2.110658] PCCT header not found.
[    2.111435] ACPI: bus type PCI registered
[    2.112126] acpiphp: ACPI Hot Plug PCI Controller Driver version: 0.5
[    2.113206] PCI: Using configuration type 1 for base access
[    2.125524] ACPI: Added _OSI(Module Device)
[    2.126487] ACPI: Added _OSI(Processor Device)
[    2.127411] ACPI: Added _OSI(3.0 _SCP Extensions)
[    2.214536] ACPI: Added _OSI(Processor Aggregator Device)
[    2.216056] ACPI: Executed 1 blocks of module-level executable AML code
[    2.219186] ACPI: Interpreter enabled
[    2.219811] ACPI: (supports S0 S5)
[    2.221526] ACPI: Using IOAPIC for interrupt routing
[    2.224216] PCI: Using host bridge windows from ACPI; if necessary, use "pci=nocrs" and report a bug
[    2.236370] ACPI: PCI Root Bridge [PCI0] (domain 0000 [bus 00-ff])
[    2.245828] acpi PNP0A03:00: _OSC: OS supports [ASPM ClockPM Segments MSI]
[    2.246799] acpi PNP0A03:00: _OSC: not requesting OS control; OS requires [ExtendedConfig ASPM ClockPM MSI]
[    2.252600] acpi PNP0A03:00: fail to add MMCONFIG information, can't access extended PCI configuration space under this bridge.
[    2.254436] PCI host bridge to bus 0000:00
[    2.256163] pci_bus 0000:00: root bus resource [io  0x0000-0x0cf7 window]
[    2.258389] pci_bus 0000:00: root bus resource [io  0x0d00-0xffff window]
[    2.260549] pci_bus 0000:00: root bus resource [mem 0x000a0000-0x000bffff window]
[    2.263880] pci_bus 0000:00: root bus resource [mem 0x40000000-0xfdffffff window]
[    2.266172] pci_bus 0000:00: root bus resource [bus 00-ff]
[    2.270654] pci 0000:00:01.1: legacy IDE quirk: reg 0x10: [io  0x01f0-0x01f7]
[    2.273938] pci 0000:00:01.1: legacy IDE quirk: reg 0x14: [io  0x03f6]
[    2.275936] pci 0000:00:01.1: legacy IDE quirk: reg 0x18: [io  0x0170-0x0177]
[    2.276923] pci 0000:00:01.1: legacy IDE quirk: reg 0x1c: [io  0x0376]
[    2.299330] pci 0000:00:07.0: quirk: [io  0x4000-0x403f] claimed by PIIX4 ACPI
[    2.333829] pci 0000:00:07.0: quirk: [io  0x4100-0x410f] claimed by PIIX4 SMB
[    2.348168] ACPI: PCI Interrupt Link [LNKA] (IRQs 5 9 10 *11)
[    2.349639] ACPI: PCI Interrupt Link [LNKB] (IRQs 5 9 *10 11)
[    2.352176] ACPI: PCI Interrupt Link [LNKC] (IRQs 5 *9 10 11)
[    2.357032] ACPI: PCI Interrupt Link [LNKD] (IRQs 5 9 10 *11)
[    2.358353] ACPI: Enabled 2 GPEs in block 00 to 07
[    2.361614] vgaarb: setting as boot device: PCI:0000:00:02.0
[    2.362435] vgaarb: device added: PCI:0000:00:02.0,decodes=io+mem,owns=io+mem,locks=none
[    2.368128] vgaarb: loaded
[    2.368636] vgaarb: bridge control possible 0000:00:02.0
[    2.373587] SCSI subsystem initialized
[    2.377380] ACPI: bus type USB registered
[    2.397119] usbcore: registered new interface driver usbfs
[    2.416168] usbcore: registered new interface driver hub
[    2.447236] usbcore: registered new device driver usb
[    2.551133] PCI: Using ACPI for IRQ routing
[    2.557431] NetLabel: Initializing
[    2.558018] NetLabel:  domain hash size = 128
[    2.559768] NetLabel:  protocols = UNLABELED CIPSOv4
[    2.572781] NetLabel:  unlabeled traffic allowed by default
[    2.576184] amd_nb: Cannot enumerate AMD northbridges
[    2.577037] clocksource: Switched to clocksource kvm-clock
[  28961 AArr:ppArmor Filesystem Enabled
[   2.879015] pnp: PnP ACPI init
[    2.902890] pnp: PnP ACPI: found 3 devices

[    2.911356] clocksource: acpi_pm: mask: 0xffffff max_cycles: 0xffffff, max_idle_ns: 2085701024 ns[  258224] NET: Registered protocol family 2
[    3.081096] TCP established hash table entries: 8192 (order: 4, 65536 bytes)
[    3.092607] TCP bind hash table entries: 8192 (order: 5, 131072 bytes)
[    3.093782] TCP: Hash tables configured (established 8192 bind 8192)
[    3.094819] UDP hash table entries: 512 (order: 2, 16384 bytes)
[    3.0946] UDP-Lite hash table entries: 512 (order: 2, 16384 bytes)
[    3.144013] NET: Registered protocol family 1
[    3.144797] pci 0000:00:00.0: Limiting direct PCI/PCI transfers
[    3.145673] pci 0000:00:01.0: Activating ISA DMA hang workarounds
[    3.146779] Unpacking initramfs...

[    3.348407] Freeing initrd memory: 14884K
[    3.372112] clocksource: tsc: mask: 0xffffffffffffffff max_cycles: 0x1582d061c4e, max_idle_ns: 440795260865 ns
[    3.388721] platform rtc_cmos: registered platform RTC device (no PNP device found)
[    3.392693] Scanning for low memory corruption every 60 seconds
[    3.412788] audit: initializing netlink subsys (disabled)
[    3.413756] audit: type=2000 audit(1621654733.662:1): initialized
[    3.420685] Initialise system trusted keyring
[    3.421618] HugeTLB registered 2 MB page size, pre-allocated 0 pages
[    3.429979] zbud: loaded
[    3.430888] VFS: Disk quotas dquot_6.6.0
[    3.492473] VFS: Dquot-cache hash table entries: 512 (order 0, 4096 bytes)
[    3.503127] squashfs: version 4.0 (2009/01/31) Phillip Lougher
[    3.602882] fuse init (API version 7.23)
[    3.603640] Key type big_key registered
[    3.612834] Allocating IMA MOK and blacklist keyrings.
[    3.764524] Key type asymmetric registered
[    3.773393] Asymmetric key parser 'x509' registered
[    3.833785] Blcck layer SCSI generic (bsg) driver version 0.4 loaded (major 249)
[    3.924603] io scheduler noop registered
[    3.925342] io scheduler deadline registered (default)
[    3.926314] io scheduler cfq registered
[    3.932328] pci_hotplug: PCI Hot Plug PCI Core version: 0.5
[    3.953883] pciehp: PCI Express Hot Plug Controller Driver version: 0.4
[    3.954972] ACPI: AC Adapter [AC] (on-line)
[    3.959523] input: Power Button as /devices/LNXSYSTM:00/LNXPWRBN:00/input/input0
[    ..960910] ACPI: Power Button [PWRF]
[    4.084594] input: Sleep Button as /devices/LNXSYSTM:00/LNXSLPBN:00/input/input1
[    4.085826] ACPI: Sleep Button [SLPF]
[    4.087163] ACPI: Battery Slot [BAT0] (battery present)
[    4.165042] GHES: HEST is not enabled!
[    4.195071] Serill: 8250/16550 driver, 32 ports, IRQ sharing enabled
[    4.377467] 00:02: ttyS0 at I/O 0x3f8 (irq = 4, base_baud = 115200) is a 16550A
[    4.396922] Linux agpgart interface v0.103
[    4.407547] loop: module loaded
[    4.434937] scsi host0: ata_piix
[    4.439450] scsi host1: ata_piix
[    4.445802] ata1: PATA max UDMA/33 cmd 0x1f0 ctl 0x3f6 bmdma 0xd000 irq 14
[    4.596103] ata2: PATA max UDMA/33 cmd 0x170 ctl 0x376 bmdma 0xd008 irq 15
[    4.657383] libphy: Fixed MDIO Bus: probed
[    4.657984] tun: Universal TUN/TAP device driver, 1.6
[    4.837135] tun: (C) 1999-2004 Max Krasnyansky <maxk@qualcomm.com>
[    4.967499] PPP generic driver version 2.4.2
[    4.987959] ehci_hcd: USB 2.0 'Enhanced' Host Controller (EHCI) Driver
[    4.988992] ehci-pci: EHCI PCI platform driver
[    4.989889] ehci-platform: EHCI generic platform driver
[    4.990861] ohci_hcd: SSB 1.1 'Open' Host Controller (OHCI) Driver
[    5.128214] ohci-pci: OHCI PCI platform driver
[    5.154274] ohci-platform: OHCI generic platform driver
[    5.158007] uhci_hcd: USB Universal Host Controller Interface driver
[    5.218985] i8042: PNP: PS/2 Controller [PNP0303:PS2K,PNP0f03:PS2M] at 0x60,0x64 irq 1,12
[    5.220819] serio: i8042 KBD port at 0x60,0x64 irq 1
[    5.221825] serio: i8042 AUX port at 0x60,0x64 irq 12
[    5.222771] mousedev: PS/2 mouse device common for all mice
[    5.224039] rtc_cmos rtc_cmos: rtc core: registered rtc_cmos as rtc0
[    5.225131] input: AT Translated Set 2 keyboard as /devices/platform/i8042/serio0/input/input2
[    5.226639] rtc_cmos rtc_cmos: alarms up to one day, 114 bytes nvram
[    5.227857] i2c /dev entries driver
[    5.228729] device-mapper: uevent: version 1.0.3
[    5.229636] device-mapper: ioctl: 4.34.0-ioctl (2015-10-28) initialised: dm-devel@redhat.com
[    5.231045] ledtrig-cpu: registered to indicate activity on CPUs
[    5.232718] NET: Registered protocol family 10
[    5.233873] NET: Registered protocol family 17
[    5.234682] Key type dns_resolver registered
[    5.235628] registered taskstats version 1
[    5.236283] Loading compiled-in X.509 certificates
[    5.237613] Loaded X.509 cert 'Build time autogenerated kernel key: cf00e047681d67edb2720680708b7d9498083038'
[    5.239418] zswap: loaded using pool lzo/zbud
[    5.242015] Key type trusted registered
[    5.245524] Key type encrypted registered
[    5.246278] AppArmor: AppArmor sha1 policy hashing enabled
[    5.247234] ima: No TPM chip found, activating TPM-bypass!
[    5.248192] ima: Allocated hash algorithm: sha1
[    5.249128] evm: HMAC attrs: 0x1
[    5.250369]   Magic number: 5:543:614
[    5.251048] acpi PNP0303:00: hash matches
[    5.251795] rtc_cmos rtc_cmos: setting system clock to 2021-05-22 03:38:52 UTC (1621654732)
[    5.253507] BIOS EDD facility v0.16 2004-Jun-25, 0 devices found
[    5.254512] EDD information not available.
[    5.256265] Freeing unused kernel memory: 1492K
[    5.269355] Write protecting the kernel read-only data: 14336k
[    5.270973] Freeing unused kernel memory: 1584K
[    5.272135] Freeing unused kernel memory: 52K
Loading, please wait...
starting version[    5.284166] random: systemd-udevd: uninitialized urandom read (16 bytes read, 5 bits of entropy available)
 229
[    5.284699] random: udevadm: uninitialized urandom read (16 bytes read, 5 bits of entropy available)
[    5.284719] random: udevadm: uninitialized urandom read (16 bytes read, 5 bits of entropy available)
[    5.291972] random: udevadm: uninitialized urandom read (16 bytes read, 5 bits of entropy available)
[    5.292011] random: udevadm: uninitialized urandom read (16 bytes read, 5 bits of entropy available)
[    5.292119] random: udevadm: uninitialized urandom read (16 bytes read, 5 bits of entropy available)
[    5.292157] random: udevadm: uninitialized urandom read (16 bytes read, 5 bits of entropy available)
[    5.292196] random: udevadm: uninitialized urandom read (16 bytes read, 5 bits of entropy available)
[    5.292234] random: udevadm: uninitialized urandom read (16 bytes read, 5 bits of entropy available)
[    5.292274] random: udevadm: uninitialized urandom read (16 bytes read, 5 bits of entropy available)
[    5.326990] e1000: Intel(R) PRO/1000 Network Driver - version 7.3.21-k8-NAPI
[    5.328080] e1000: Copyright (c) 1999-2006 Intel Corporation.
[    5.332449] Fusion MPT base driver 3.04.20
[    5.333079] Copyright (c) 1999-2008 LSI Corporation
[    5.352492] Fusion MPT SPI Host driver 3.04.20
[    5.358953] AVX2 version of gcm_enc/dec engaged.
[    5.359746] AES CTR mode by8 optimization enabled
[    5.549716] input: ImExPS/2 Generic Explorer Mouse as /devices/platform/i8042/serio1/input/input4
[    5.690842] e1000 0000:00:03.0 eth0: (PCI:33MHz:32-bit) 02:ed:98:3c:8e:82
[    5.790350] e1000 0000:00:03.0 eth0: Intel(R) PRO/1000 Network Connection
[    5.792223] mptbase: ioc0: Initiating bringup
[    5.861440] ioc0: LSI53C1030 A0: Capabilities={Initiator}
[    6.042152] scsi host2: ioc0: LSI53C1030 A0, FwRev=00000000h, Ports=1, MaxQ=256, IRQ=20
[    6.154047] scsi 2:0:0:0: Direct-Access     VBOX     HARDDISK         1.0  PQ: 0 ANSI: 5
[    6.167269] scsi target2:0:0: Beginning Domain Validation
[    6.168692] scsi target2:0:0: Domain Validation skipping write tests
[    6.184648] scsi target2:0:0: Ending Domain Validation
[    6.193117] scsi target2:0:0: asynchronous
[    6.217217] scsi 2:0:1:0: Direct-Access     VBOX     HARDDISK         1.0  PQ: 0 ANSI: 5
[    6.218597] scsi target2:0:1: Beginning Domain Validation
[    6.344983] scsi target2:0:1: Domain Validation skipping write tests
[    6.345965] scsi target2:0:1: Ending Domain Validation
[    6.362844] scsi target2:0:1: asynchronous
[    6.381938] sd 2:0:0:0: Attached scsi generic sg0 type 0
[    6.382876] sd 2:0:0:0: [sda] 83886080 512-byte logical blocks: (42.9 GB/40.0 GiB)
[    6.395838] sd 2:0:1:0: Attached scsi generic sg1 type 0
[    6.396972] sd 2:0:1:0: [sdb] 20480 512-byte logical blocks: (10.5 MB/10.0 MiB)
[    6.399474] sd 2:0:0:0: [sda] Write Protect is off
[    6.423814] sd 2:0:1:0: [sdb] Write Protect is off
[    6.424634] sd 2:0:0:0: [sda] Incomplete mode parameter data
[    6.425671] sd 2:0:0:0: [sda] Assuming drive cache: write through
[    6.430185] sd 2:0:1:0: [sdb] Incomplete mode parameter data
[    6.431206] sd 2:0:1:0: [sdb] Assuming drive cache: write through
[    6.496863] e1000 0000:00:08.0 eth1: (PCI:33MHz:32-bit) 08:00:27:74:2a:c8
[    6.496865] e1000 0000:00:08.0 eth1: Intel(R) PRO/1000 Network Connection
[    6.685502] e1000 0000:00:08.0 enp0s8: renamed from eth1
[    6.695678]  sda: sda1
[    6.697151] sd 2:0:0:0: [sda] Attached SCSI disk
[    6.698045] e1000 0000:00:03.0 enp0s3: renamed from eth0
[    6.705858] sd 2:0:1:0: [sdb] Attached SCSI disk
Begin: Loading essential drivers ... [    8.085493] md: linear personality registered for level -1
[    8.125492] md: multipath personality registered for level -4
[    8.140394] md: raid0 personality registered for level 0
[    8.165197] md: raid1 personality registered for level 1
[    8.241093] raid6: sse2x1   gen() 11812 MB/s
[    8.325083] raid6: sse2x1   xor()  8111 MB/s
[    8.417110] raid6: sse2x2   gen() 16350 MB/s
[    8.485154] raid6: sse2x2   xor() 11324 MB/s
[    8.569128] raid6: sse2x4   gen() 17301 MB/s
[    8.641248] raid6: sse2x4   xor() 11313 MB/s
[    8.717136] raid6: avx2x1   gen() 21777 MB/s
[    8.785104] raid6: avx2x2   gen() 28777 MB/s
[    8.857112] raid6: avx2x4   gen() 30494 MB/s
[    8.857914] raid6: using algorithm avx2x4 gen() 30494 MB/s
[    8.858851] raid6: using avx2x2 recovery algorithm
[    8.860680] xor: automatically using best checksumming function:
[    8.901072]    avx       : 21786.000 MB/sec
[    8.903093] async_tx: api initialized (async)
[    8.911373] md: raid6 personality registered for level 6
[    8.912258] md: raid5 personality registered for level 5
[    8.913127] md: raid4 personality registered for level 4
[    8.936787] md: raid10 personality registered for level 10
done.
Begin: Running /scripts/init-premount ... done.
Begin: Mounting root file system ... Begin: Running /scripts/local-top ... done.
Begin: Running /scripts/local-premount ... [    8.965493] Btrfs loaded
Scanning for Btrfs filesystems
done.
Warning: fsck not present, so skipping root file system
[    9.023610] EXT4-fs (sda1): INFO: recovery required on readonly filesystem
[    9.024612] EXT4-fs (sda1): write access will be enabled during recovery
[    9.295333] EXT4-fs (sda1): orphan cleanup on readonly fs
[    9.333283] EXT4-fs (sda1): 6 orphan inodes deleted
[    9.334081] EXT4-fs (sda1): recovery complete
[    9.443969] EXT4-fs (sda1): mounted filesystem with ordered data mode. Opts: (null)
done.
Begin: Running /scripts/local-bottom ... done.
Begin: Running /scripts/init-bottom ... done.
[   10.097765] random: nonblocking pool is initialized
[   10.995718] systemd[1]: systemd 229 running in system mode. (+PAM +AUDIT +SELINUX +IMA +APPARMOR +SMACK +SYSVINIT +UTMP +LIBCRYPTSETUP +GCRYPT +GNUTLS +ACL +XZ -LZ4 +SECCOMP +BLKID +ELFUTILS +KMOD -IDN)
[   10.998449] systemd[1]: Detected virtualization oracle.
[   10.999267] systemd[1]: Detected architecture x86-64.

Welcome to [1mUbuntu 16.04.7 LTS[0m!

[   11.040356] systemd[1]: Set hostname to <ubuntu-xenial>.
[   12.600496] systemd[1]: Listening on Journal Socket.
[[0;32m  OK  [0m] Listening on Journal Socket.
[   12.603573] systemd[1]: Started Trigger resolvconf update for networkd DNS.
[[0;32m  OK  [0m] Started Trigger resolvconf update for networkd DNS.
[   12.617485] systemd[1]: Listening on udev Kernel Socket.
[[0;32m  OK  [0m] Listening on udev Kernel Socket.
[   12.619263] systemd[1]: Listening on udev Control Socket.
[[0;32m  OK  [0m] Listening on udev Control Socket.
[   12.626453] systemd[1]: Listening on LVM2 metadata daemon socket.
[[0;32m  OK  [0m] Listening on LVM2 metadata daemon socket.
[   12.628377] systemd[1]: Reached target Encrypted Volumes.
[[0;32m  OK  [0m] Reached target Encrypted Volumes.
[   12.630253] systemd[1]: Listening on Syslog Socket.
[[0;32m  OK  [0m] Listening on Syslog Socket.
[   12.632176] systemd[1]: Created slice User and Session Slice.
[[0;32m  OK  [0m] Created slice User and Session Slice.
[   12.655903] systemd[1]: Listening on Journal Socket (/dev/log).
[[0;32m  OK  [0m] Listening on Journal Socket (/dev/log).
[   12.657849] systemd[1]: Reached target User and Group Name Lookups.
[[0;32m  OK  [0m] Reached target User and Group Name Lookups.
[   12.661676] systemd[1]: Created slice System Slice.
[[0;32m  OK  [0m] Created slice System Slice.
[   12.677293] systemd[1]: Mounting POSIX Message Queue File System...
         Mounting POSIX Message Queue File System...
[   12.691966] systemd[1]: Mounting Debug File System...
         Mounting Debug File System...
[   12.694759] systemd[1]: Reached target Slices.
[[0;32m  OK  [0m] Reached target Slices.
[   12.696667] systemd[1]: Created slice system-serial\x2dgetty.slice.
[[0;32m  OK  [0m] Created slice system-serial\x2dgetty.slice.
[   12.700450] systemd[1]: Starting Create list of required static device nodes for the current kernel...
         Starting Create list of required st... nodes for the current kernel...
[   12.705790] systemd[1]: Starting Uncomplicated firewall...
         Starting Uncomplicated firewall...
[   12.708031] systemd[1]: Starting Nameserver information manager...
         Starting Nameserver information manager...
[   12.709912] systemd[1]: Listening on LVM2 poll daemon socket.
[[0;32m  OK  [0m] Listening on LVM2 poll daemon socket.
[   12.712305] systemd[1]: Starting Set console keymap...
         Starting Set console keymap...
[   12.723758] systemd[1]: Reached target Swap.
[[0;32m  OK  [0m] Reached target Swap.
[   12.725604] systemd[1]: Set up automount Arbitrary Executable File Formats File System Automount Point.
[[0;32m  OK  [0m] Set up automount Arbitrary Executab...ats File System Automount Point.
[   12.941250] systemd[1]: Starting Load Kernel Modules...
         Starting Load Kernel Modules...
[   12.958922] systemd[1]: Listening on fsck to fsckd communication Socket.
[[0;32m  OK  [0m] Listening on fsck to fsckd communication Socket.
[   12.961504] systemd[1]: Starting File System Check on Root Device...
         Starting File System Check on Root Device...
[   12.980421] systemd[1]: Listening on Journal Audit Socket.
[[0;32m  OK  [0m] Listening on Journal Audit Socket.
[   12.982819] systemd[1]: Starting Journal Service...
         Starting Journal Service...
[   12.985004] systemd[1]: Mounting Huge Pages File System...
         Mounting Huge Pages File System...
[   12.986713] systemd[1]: Listening on /dev/initctl Compatibility Named Pipe.
[[0;32m  OK  [0m] Listening on /dev/initctl Compatibility Named Pipe.
[   12.988940] systemd[1]: Started Forward Password Requests to Wall Directory Watch.
[[0;32m  OK  [0m] Started Forward Password Requests to Wall Directory Watch.
[   12.991508] systemd[1]: Reached target System Time Synchronized.
[[0;32m  OK  [0m] Reached target System Time Synchronized.
[   13.001406] systemd[1]: Listening on Device-mapper event daemon FIFOs.
[[0;32m  OK  [0m] Listening on Device-mapper event daemon FIFOs.
[   13.017313] systemd[1]: Starting Monitoring of LVM2 mirrors, snapshots etc. using dmeventd or progress polling...
         Starting Monitoring of LVM2 mirrors... dmeventd or progress polling...
[   13.026022] systemd[1]: Started Create list of required static device nodes for the current kernel.
[[0;32m  OK  [0m] Started Create list of required sta...ce nodes for the current kernel.
[   13.029252] systemd[1]: Started Uncomplicated firewall.
[[0;32m  OK  [0m] Started Uncomplicated firewall.
[   13.032167] systemd[1]: Starting Create Static Device Nodes in /dev...
         Starting Create Static Device Nodes in /dev...
[   13.057312] systemd[1]: Started File System Check Daemon to report status.
[[0;32m  OK  [0m] Started File System Check Daemon to report status.
[   13.097055] systemd[1]: Mounted POSIX Message Queue File System.
[[0;32m  OK  [0m] Mounted POSIX Message Queue File System.
[   13.112404] systemd[1]: Mounted Debug File System.
[[0;32m  OK  [0m] Mounted Debug File System.
[   13.114093] systemd[1]: Mounted Huge Pages File System.
[[0;32m  OK  [0m] Mounted Huge Pages File System.
[   13.251311] Loading iSCSI transport class v2.0-870.
[   13.273280] systemd[1]: Started Nameserver information manager.
[[0;32m  OK  [0m] Started Nameserver information manager.
[   13.394043] iscsi: registered transport (tcp)
[   13.667607] systemd[1]: Started File System Check on Root Device.
[[0;32m  OK  [0m] Started File System Check on Root Device.
[   13.693597] systemd[1]: Started Journal Service.
[[0;32m  OK  [0m] Started Journal Service.
         Starting Remount Root and Kernel File Systems...
[[0;32m  OK  [0m] Started Set console keymap.
[   13.755240] EXT4-fs (sda1): re-mounted. Opts: (null)
[[0;32m  OK  [0m] Started Remount Root and Kernel File Systems.
         Starting udev Coldplug all Devices...
         Starting Flush Journal to Persistent Storage...
         Starting Load/Save Random Seed...
[[0;32m  OK  [0m] Started LVM2 metadata daemon.
[[0;32m  OK  [0m] Started udev Coldplug all Devices.
[[0;32m  OK  [0m] Started Load/Save Random Seed.
[   14.186509] iscsi: registered transport (iser)
[[0;32m  OK  [0m] Started Load Kernel Modules.
         Mounting FUSE Control File System...
         Starting Apply Kernel Variables...
[[0;32m  OK  [0m] Mounted FUSE Control File System.
[   14.244065] systemd-journald[392]: Received request to flush runtime journal from PID 1
[[0;32m  OK  [0m] Started Flush Journal to Persistent Storage.
[[0;32m  OK  [0m] Started Create Static Device Nodes in /dev.
         Starting udev Kernel Device Manager...
[[0;32m  OK  [0m] Started Apply Kernel Variables.
[[0;32m  OK  [0m] Started Monitoring of LVM2 mirrors,...ng dmeventd or progress polling.
[[0;32m  OK  [0m] Reached target Local File Systems (Pre).
[[0;32m  OK  [0m] Reached target Local File Systems.
         Starting Initial cloud-init job (pre-networking)...
         Starting LSB: AppArmor initialization...
         Starting Set console font and keymap...
         Starting Create Volatile Files and Directories...
         Starting Tell Plymouth To Write Out Runtime Data...
[[0;32m  OK  [0m] Started Create Volatile Files and Directories.
         Starting Update UTMP about System Boot/Shutdown...
[[0;32m  OK  [0m] Started Tell Plymouth To Write Out Runtime Data.
[[0;32m  OK  [0m] Started Update UTMP about System Boot/Shutdown.
[[0;32m  OK  [0m] Started udev Kernel Device Manager.
[[0;32m  OK  [0m] Started Dispatch Password Requests to Console Directory Watch.
[[0;32m  OK  [0m] Found device /dev/ttyS0.
[[0;32m  OK  [0m] Started Set console font and keymap.
[[0;32m  OK  [0m] Created slice system-getty.slice.
[[0;32m  OK  [0m] Listening on Load/Save RF Kill Switch Status /dev/rfkill Watch.
[[0;32m  OK  [0m] Found device 82540EM Gigabit Ethern...r (PRO/1000 MT Desktop Adapter).
[[0;32m  OK  [0m] Found device 82540EM Gigabit Ethern...r (PRO/1000 MT Desktop Adapter).
[[0;32m  OK  [0m] Started LSB: AppArmor initialization.
         Starting Load AppArmor profiles managed internally by snapd...
[[0;32m  OK  [0m] Started Load AppArmor profiles managed internally by snapd.
[   22.163069] cloud-init[478]: Cloud-init v. 21.1-19-gbad84ad4-0ubuntu1~16.04.2 running 'init-local' at Sat, 22 May 2021 03:39:10 +0000. Up 20.89 seconds.
[[0;32m  OK  [0m] Started Initial cloud-init job (pre-networking).
[[0;32m  OK  [0m] Reached target Network (Pre).
[[0;32m  OK  [0m] Started ifup for enp0s3.
         Starting Raise network interfaces...
[[0;32m  OK  [0m] Started ifup for enp0s8.
[[0;32m  OK  [0m] Started Raise network interfaces.
         Starting Initial cloud-init job (metadata service crawler)...
[[0;32m  OK  [0m] Reached target Network.
[   23.612852] cloud-init[1084]: Cloud-init v. 21.1-19-gbad84ad4-0ubuntu1~16.04.2 running 'init' at Sat, 22 May 2021 03:39:12 +0000. Up 22.91 seconds.
[   23.640533] cloud-init[1084]: ci-info: ++++++++++++++++++++++++++++++++++++++Net device info+++++++++++++++++++++++++++++++++++++++
[   23.644674] cloud-init[1084]: ci-info: +--------+------+-----------------------------+---------------+--------+-------------------+
[   23.664407] cloud-init[1084]: ci-info: | Device |  Up  |           Address           |      Mask     | Scope  |     Hw-Address    |
[   23.673172] cloud-init[1084]: ci-info: +--------+------+-----------------------------+---------------+--------+-------------------+
[[0;32m  OK  [0m] Started Initial cloud-init job (metadata service crawler).
[[0;32m  OK  [0m] Reached target Cloud-config availability.
[   23.680186] cloud-init[1084]: ci-info: | enp0s3 | True |          10.0.2.15          | 255.255.255.0 | global | 02:ed:98:3c:8e:82 |
[   23.683156] cloud-init[1084]: ci-info: | enp0s3 | True |  fe80::ed:98ff:fe3c:8e82/64 |       .       |  link  | 02:ed:98:3c:8e:82 |
[   23.683470] cloud-init[1084]: ci-info: | enp0s8 | True |        192.168.1.237        | 255.255.255.0 | global | 08:00:27:74:2a:c8 |
[   23.683706] cloud-init[1084]: ci-info: | enp0s8 | True | fe80::a00:27ff:fe74:2ac8/64 |       .       |  link  | 08:00:27:74:2a:c8 |
[   23.683942] cloud-init[1084]: ci-info: |   lo   | True |          127.0.0.1          |   255.0.0.0   |  host  |         .         |
[   23.684403] cloud-init[1084]: ci-info: |   lo   | True |           ::1/128           |       .       |  host  |         .         |
[   23.684634] cloud-init[1084]: ci-info: +--------+------+-----------------------------+---------------+--------+-------------------+
[   23.684853] cloud-init[1084]: ci-info: +++++++++++++++++++++++++++Route IPv4 info++++++++++++++++++++++++++++
[   23.685107] cloud-init[1084]: ci-info: +-------+-------------+----------+---------------+-----------+-------+
[   23.685324] cloud-init[1084]: ci-info: | Route | Destination | Gateway  |    Genmask    | Interface | Flags |
[   23.685551] cloud-init[1084]: ci-info: +-------+-------------+----------+---------------+-----------+-------+
[   23.685789] cloud-init[1084]: ci-info: |   0   |   0.0.0.0   | 10.0.2.2 |    0.0.0.0    |   enp0s3  |   UG  |
[   23.686007] cloud-init[1084]: ci-info: |   1   |   10.0.2.0  | 0.0.0.0  | 255.255.255.0 |   enp0s3  |   U   |
[   23.686282] cloud-init[1084]: ci-info: |   2   | 192.168.1.0 | 0.0.0.0  | 255.255.255.0 |   enp0s8  |   U   |
[   23.686447] cloud-init[1084]: ci-info: +-------+-------------+----------+---------------+-----------+-------+
[   23.686612] cloud-init[1084]: ci-info: +++++++++++++++++++Route IPv6 info+++++++++++++++++++
[   23.686787] cloud-init[1084]: ci-info: +-------+-------------+---------+-----------+-------+
[   23.686975] cloud-init[1084]: ci-info: | Route | Destination | Gateway | Interface | Flags |
[   23.687139] cloud-init[1084]: ci-info: +-------+-------------+---------+-----------+-------+
[   23.687311] cloud-init[1084]: ci-info: |   0   |  fe80::/64  |    ::   |   enp0s8  |   U   |
[   23.687486] cloud-init[1084]: ci-info: |   1   |  fe80::/64  |    ::   |   enp0s3  |   U   |
[   23.687667] cloud-init[1084]: ci-info: |   4   |   ff00::/8  |    ::   |   enp0s8  |   U   |
[   23.687849] cloud-init[1084]: ci-info: |   5   |   ff00::/8  |    ::   |   enp0s3  |   U   |
[   23.688007] cloud-init[1084]: ci-info: +-------+-------------+---------+-----------+-------+
[[0;32m  OK  [0m] Reached target System Initialization.
[[0;32m  OK  [0m] Started Daily Cleanup of Temporary Directories.
[[0;32m  OK  [0m] Started Message of the Day.
[[0;32m  OK  [0m] Started ACPI Events Check.
[[0;32m  OK  [0m] Reached target Paths.
         Starting LXD - unix socket.
[[0;32m  OK  [0m] Listening on D-Bus System Message Bus Socket.
         Starting Socket activation for snappy daemon.
[[0;32m  OK  [0m] Listening on UUID daemon activation socket.
[[0;32m  OK  [0m] Started Daily apt download activities.
[[0;32m  OK  [0m] Listening on ACPID Listen Socket.
[[0;32m  OK  [0m] Started Daily apt upgrade and clean activities.
[[0;32m  OK  [0m] Reached target Timers.
[[0;32m  OK  [0m] Reached target Network is Online.
         Starting iSCSI initiator daemon (iscsid)...
[[0;32m  OK  [0m] Listening on LXD - unix socket.
[[0;32m  OK  [0m] Listening on Socket activation for snappy daemon.
[[0;32m  OK  [0m] Reached target Sockets.
[[0;32m  OK  [0m] Reached target Basic System.
         Starting /etc/rc.local Compatibility...
[[0;32m  OK  [0m] Started Deferred execution scheduler.
         Starting Message of the Day...
[[0;32m  OK  [0m] Started FUSE filesystem for LXC.
[[0;32m  OK  [0m] Started Regular background program processing daemon.
[[0;32m  OK  [0m] Started ACPI event daemon.
         Starting Accounts Service...
         Starting Login Service...
         Starting LSB: Record successful boot for GRUB...
         Starting Snap Daemon...
         Starting MySQL Community Server...
         Starting LXD - container startup/shutdown...
         Starting LSB: MD monitoring daemon...
[[0;32m  OK  [0m] Started D-Bus System Message Bus.
         Starting System Logging Service...
         Starting Virtualbox guest utils...
         Starting OpenBSD Secure Shell server...
[[0;32m  OK  [0m] Started /etc/rc.local Compatibility.
[[0;32m  OK  [0m] Started Message of the Day.
[[0;32m  OK  [0m] Started Login Service.
[[0;32m  OK  [0m] Started Unattended Upgrades Shutdown.
[[0;32m  OK  [0m] Started iSCSI initiator daemon (iscsid).
         Starting Login to default iSCSI targets...
         Starting Authenticate and Authorize Users to Run Privileged Tasks...
[[0;32m  OK  [0m] Started Login to default iSCSI targets.
[[0;32m  OK  [0m] Reached target Remote File Systems (Pre).
         Mounting /vagrant...
[[0;32m  OK  [0m] Started LSB: Record successful boot for GRUB.
[[0;32m  OK  [0m] Started LSB: MD monitoring daemon.
[[0;32m  OK  [0m] Mounted /vagrant.
[[0;32m  OK  [0m] Reached target Remote File Systems.
         Starting Permit User Sessions...
         Starting LSB: Set the CPU Frequency Scaling governor to "ondemand"...
         Starting LSB: automatic crash report generation...
         Starting LSB: Apache2 web server...
         Starting LSB: daemon to balance interrupts for SMP systems...
[[0;32m  OK  [0m] Started LSB: Set the CPU Frequency Scaling governor to "ondemand".
[[0;32m  OK  [0m] Started Virtualbox guest utils.
[[0;32m  OK  [0m] Started LSB: daemon to balance interrupts for SMP systems.
[[0;32m  OK  [0m] Started System Logging Service.
[[0;32m  OK  [0m] Started Permit User Sessions.
         Starting Hold until boot process finishes up...
         Starting Terminate Plymouth Boot Screen...
[[0;32m  OK  [0m] Started Hold until boot process finishes up.
         Starting Set console scheme...
[[0;32m  OK  [0m] Started Getty on tty1.
[[0;32m  OK  [0m] Started Serial Getty on ttyS0.
[[0;32m  OK  [0m] Reached target Login Prompts.
[[0;32m  OK  [0m] Started Terminate Plymouth Boot Screen.
[[0;32m  OK  [0m] Started LSB: automatic crash report generation.
[[0;32m  OK  [0m] Started Authenticate and Authorize Users to Run Privileged Tasks.
[[0;32m  OK  [0m] Started Accounts Service.
[[0;32m  OK  [0m] Started Set console scheme.
[[0;32m  OK  [0m] Started OpenBSD Secure Shell server.
[[0;32m  OK  [0m] Created slice User Slice of vagrant.
         Starting User Manager for UID 1000...
[[0;32m  OK  [0m] Started Session 1 of user vagrant.
[[0;32m  OK  [0m] Started User Manager for UID 1000.
[[0;32m  OK  [0m] Started LXD - container startup/shutdown.
[[0;32m  OK  [0m] Started Snap Daemon.
         Starting Wait until snapd is fully seeded...
[[0;32m  OK  [0m] Started Wait until snapd is fully seeded.
         Starting Apply the settings specified in cloud-config...
[   36.072511] cloud-init[1401]: Cloud-init v. 21.1-19-gbad84ad4-0ubuntu1~16.04.2 running 'modules:config' at Sat, 22 May 2021 03:39:24 +0000. Up 35.48 seconds.

Ubuntu 16.04.7 LTS ubuntu-xenial ttyS0

ubuntu-xenial login: [   44.068818] cloud-init[1880]: Cloud-init v. 21.1-19-gbad84ad4-0ubuntu1~16.04.2 running 'modules:final' at Sat, 22 May 2021 03:39:33 +0000. Up 43.81 seconds.
[   44.069118] cloud-init[1880]: Cloud-init v. 21.1-19-gbad84ad4-0ubuntu1~16.04.2 finished at Sat, 22 May 2021 03:39:33 +0000. Datasource DataSourceNoCloud [seed=/dev/sdb][dsmode=net].  Up 44.06 seconds
